[debug] [2022-04-18T17:58:32.910Z] ----------------------------------------------------------------------
[debug] [2022-04-18T17:58:32.911Z] Command:       C:\Program Files\nodejs\node.exe C:\Users\srcardoso\AppData\Roaming\npm\node_modules\firebase-tools\lib\bin\firebase.js init
[debug] [2022-04-18T17:58:32.912Z] CLI Version:   10.6.0
[debug] [2022-04-18T17:58:32.912Z] Platform:      win32
[debug] [2022-04-18T17:58:32.912Z] Node Version:  v16.14.2
[debug] [2022-04-18T17:58:32.913Z] Time:          Mon Apr 18 2022 12:58:32 GMT-0500 (hora de verano central)
[debug] [2022-04-18T17:58:32.913Z] ----------------------------------------------------------------------
[debug] 
[debug] [2022-04-18T17:58:32.970Z] > command requires scopes: ["email","openid","https://www.googleapis.com/auth/cloudplatformprojects.readonly","https://www.googleapis.com/auth/firebase","https://www.googleapis.com/auth/cloud-platform"]
[debug] [2022-04-18T17:58:32.971Z] > authorizing via signed-in user (sergio.cardhdez97@gmail.com)
[info] 
     ######## #### ########  ######## ########     ###     ######  ########
     ##        ##  ##     ## ##       ##     ##  ##   ##  ##       ##
     ######    ##  ########  ######   ########  #########  ######  ######
     ##        ##  ##    ##  ##       ##     ## ##     ##       ## ##
     ##       #### ##     ## ######## ########  ##     ##  ######  ########

You're about to initialize a Firebase project in this directory:

  C:\Users\srcardoso\Documents\sergio\Angular

Before we get started, keep in mind:

  * You are initializing within an existing Firebase project directory

[info] 
=== Project Setup
[info] 
[info] First, let's associate this project directory with a Firebase project.
[info] You can create multiple project aliases by running firebase use --add, 
[info] but for now we'll just set up a default project.
[info] 
[debug] [2022-04-18T17:58:45.587Z] Using project from CLI flag: checo-shop
[debug] [2022-04-18T17:58:45.590Z] >>> [apiv2][query] GET https://firebase.googleapis.com/v1beta1/projects/checo-shop [none]
[debug] [2022-04-18T17:58:45.845Z] <<< [apiv2][status] GET https://firebase.googleapis.com/v1beta1/projects/checo-shop 200
[debug] [2022-04-18T17:58:45.846Z] <<< [apiv2][body] GET https://firebase.googleapis.com/v1beta1/projects/checo-shop {"projectId":"checo-shop","projectNumber":"842198780806","displayName":"checo-shop","name":"projects/checo-shop","resources":{"hostingSite":"checo-shop","storageBucket":"checo-shop.appspot.com","locationId":"us-central"},"state":"ACTIVE"}
[info] i  Using project checo-shop (checo-shop) 
[info] 
=== Hosting Setup
[info] 
[info] Your public directory is the folder (relative to your project directory) that
[info] will contain Hosting assets to be uploaded with firebase deploy. If you
[info] have a build process for your assets, use your build's output directory.
[info] 
[debug] [2022-04-18T17:59:00.722Z] >>> [apiv2][query] GET https://www.gstatic.com/firebasejs/releases.json [none]
[debug] [2022-04-18T17:59:00.789Z] <<< [apiv2][status] GET https://www.gstatic.com/firebasejs/releases.json 200
[debug] [2022-04-18T17:59:00.789Z] <<< [apiv2][body] GET https://www.gstatic.com/firebasejs/releases.json {"current":{"version":"9.6.11","browserURL":"https://www.gstatic.com/firebasejs/9.6.11/firebase.js","packageURL":"https://www.gstatic.com/firebasejs/9.6.11/firebase.tgz"},"live":{"version":"9.6","browserURL":"https://www.gstatic.com/firebasejs/live/9.6/firebase.js","packageURL":"https://www.gstatic.com/firebasejs/live/9.6/firebase.tgz"},"components":{"analytics":"https://www.gstatic.com/firebasejs/9.6.11/firebase-analytics.js","app":"https://www.gstatic.com/firebasejs/9.6.11/firebase-app.js","app-check":"https://www.gstatic.com/firebasejs/9.6.11/firebase-app-check.js","auth":"https://www.gstatic.com/firebasejs/9.6.11/firebase-auth.js","auth/cordova":"https://www.gstatic.com/firebasejs/9.6.11/firebase-auth/cordova.js","auth/react-native":"https://www.gstatic.com/firebasejs/9.6.11/firebase-auth/react-native.js","functions":"https://www.gstatic.com/firebasejs/9.6.11/firebase-functions.js","firestore":"https://www.gstatic.com/firebasejs/9.6.11/firebase-firestore.js","firestore/lite":"https://www.gstatic.com/firebasejs/9.6.11/firebase-firestore/lite.js","storage":"https://www.gstatic.com/firebasejs/9.6.11/firebase-storage.js","performance":"https://www.gstatic.com/firebasejs/9.6.11/firebase-performance.js","remote-config":"https://www.gstatic.com/firebasejs/9.6.11/firebase-remote-config.js","messaging":"https://www.gstatic.com/firebasejs/9.6.11/firebase-messaging.js","messaging/sw":"https://www.gstatic.com/firebasejs/9.6.11/firebase-messaging/sw.js","database":"https://www.gstatic.com/firebasejs/9.6.11/firebase-database.js","firestore.memory":"https://www.gstatic.com/firebasejs/9.6.11/firebase-firestore.memory.js"}}
[info] +  Wrote public/index.html 
[info] 
[info] i  Detected a .git folder at C:\Users\srcardoso\Documents\sergio\Angular 
[info] i  Authorizing with GitHub to upload your service account to a GitHub repository's secrets store. 
[info] 
[info] Visit this URL on this device to log in:
[info] https://github.com/login/oauth/authorize?client_id=89cf50f02ac6aaed3484&state=573944064&redirect_uri=http%3A%2F%2Flocalhost%3A9005&scope=read%3Auser%20repo%20public_repo
[info] 
[info] Waiting for authentication...
[debug] [2022-04-18T17:59:18.826Z] >>> HTTP REQUEST POST https://github.com/login/oauth/access_token  
 {"client_id":"89cf50f02ac6aaed3484","client_secret":"3330d14abc895d9a74d5f17cd7a00711fa2c5bf0","code":"a4532bb6da7f3de4adaa","redirect_uri":"http://localhost:9005","state":"573944064"}
[debug] [2022-04-18T17:59:19.161Z] <<< HTTP RESPONSE 200 {"server":"GitHub.com","date":"Mon, 18 Apr 2022 17:59:21 GMT","content-type":"application/json; charset=utf-8","transfer-encoding":"chunked","vary":"X-PJAX, X-PJAX-Container, Accept-Encoding, Accept, X-Requested-With","permissions-policy":"interest-cohort=()","etag":"W/\"43d6e0a4740b8d1fcb6d8dc51d5d10ea\"","cache-control":"max-age=0, private, must-revalidate","strict-transport-security":"max-age=31536000; includeSubdomains; preload","x-frame-options":"deny","x-content-type-options":"nosniff","x-xss-protection":"0","referrer-policy":"origin-when-cross-origin, strict-origin-when-cross-origin","expect-ct":"max-age=2592000, report-uri=\"https://api.github.com/_private/browser/errors\"","content-security-policy":"default-src 'none'; base-uri 'self'; block-all-mixed-content; child-src github.com/assets-cdn/worker/ gist.github.com/assets-cdn/worker/; connect-src 'self' uploads.github.com objects-origin.githubusercontent.com www.githubstatus.com collector.github.com raw.githubusercontent.com api.github.com github-cloud.s3.amazonaws.com github-production-repository-file-5c1aeb.s3.amazonaws.com github-production-upload-manifest-file-7fdce7.s3.amazonaws.com github-production-user-asset-6210df.s3.amazonaws.com cdn.optimizely.com logx.optimizely.com/v1/events translator.github.com *.actions.githubusercontent.com wss://*.actions.githubusercontent.com online.visualstudio.com/api/v1/locations github-production-repository-image-32fea6.s3.amazonaws.com github-production-release-asset-2e65be.s3.amazonaws.com insights.github.com wss://alive.github.com; font-src github.githubassets.com; form-action 'self' github.com gist.github.com objects-origin.githubusercontent.com; frame-ancestors 'none'; frame-src render.githubusercontent.com viewscreen.githubusercontent.com notebooks.githubusercontent.com; img-src 'self' data: github.githubassets.com identicons.github.com github-cloud.s3.amazonaws.com secured-user-images.githubusercontent.com/ *.githubusercontent.com; manifest-src 'self'; media-src github.com user-images.githubusercontent.com/; script-src github.githubassets.com; style-src 'unsafe-inline' github.githubassets.com; worker-src github.com/assets-cdn/worker/ gist.github.com/assets-cdn/worker/","x-github-request-id":"DA7F:3AEB:1AAAB14:2B0A452:625DA6F9"}
[debug] [2022-04-18T17:59:19.180Z] >>> [apiv2][query] GET https://api.github.com/user [none]
[debug] [2022-04-18T17:59:19.580Z] <<< [apiv2][status] GET https://api.github.com/user 200
[debug] [2022-04-18T17:59:19.581Z] <<< [apiv2][body] GET https://api.github.com/user {"login":"SergioCardoso97","id":87406917,"node_id":"MDQ6VXNlcjg3NDA2OTE3","avatar_url":"https://avatars.githubusercontent.com/u/87406917?v=4","gravatar_id":"","url":"https://api.github.com/users/SergioCardoso97","html_url":"https://github.com/SergioCardoso97","followers_url":"https://api.github.com/users/SergioCardoso97/followers","following_url":"https://api.github.com/users/SergioCardoso97/following{/other_user}","gists_url":"https://api.github.com/users/SergioCardoso97/gists{/gist_id}","starred_url":"https://api.github.com/users/SergioCardoso97/starred{/owner}{/repo}","subscriptions_url":"https://api.github.com/users/SergioCardoso97/subscriptions","organizations_url":"https://api.github.com/users/SergioCardoso97/orgs","repos_url":"https://api.github.com/users/SergioCardoso97/repos","events_url":"https://api.github.com/users/SergioCardoso97/events{/privacy}","received_events_url":"https://api.github.com/users/SergioCardoso97/received_events","type":"User","site_admin":false,"name":"Sergio Cardoso","company":null,"blog":"","location":null,"email":null,"hireable":null,"bio":null,"twitter_username":null,"public_repos":9,"public_gists":0,"followers":1,"following":0,"created_at":"2021-07-14T04:07:54Z","updated_at":"2022-04-06T16:40:21Z","private_gists":0,"total_private_repos":2,"owned_private_repos":2,"disk_usage":183480,"collaborators":2,"two_factor_authentication":false,"plan":{"name":"pro","space":976562499,"collaborators":0,"private_repos":9999}}
[info] 
[info] +  Success! Logged into GitHub as SergioCardoso97 
[info] 
[debug] [2022-04-18T17:59:27.233Z] >>> [apiv2][query] GET https://api.github.com/repos//actions/secrets/public-key type=owner
[debug] [2022-04-18T17:59:27.496Z] <<< [apiv2][status] GET https://api.github.com/repos//actions/secrets/public-key 404
[debug] [2022-04-18T17:59:27.496Z] <<< [apiv2][body] GET https://api.github.com/repos//actions/secrets/public-key {"message":"Not Found","documentation_url":"https://docs.github.com/rest"}
[debug] [2022-04-18T17:59:32.632Z] >>> [apiv2][query] GET https://api.github.com/repos/y/actions/secrets/public-key type=owner
[debug] [2022-04-18T17:59:32.895Z] <<< [apiv2][status] GET https://api.github.com/repos/y/actions/secrets/public-key 404
[debug] [2022-04-18T17:59:32.895Z] <<< [apiv2][body] GET https://api.github.com/repos/y/actions/secrets/public-key {"message":"Not Found","documentation_url":"https://docs.github.com/rest"}
[debug] [2022-04-18T18:00:07.076Z] >>> [apiv2][query] GET https://api.github.com/repos/SergioCardoso97/actions/secrets/public-key type=owner
[debug] [2022-04-18T18:00:07.078Z] >>> [apiv2][query] GET https://api.github.com/repos///actions/secrets/public-key type=owner
[debug] [2022-04-18T18:00:07.381Z] <<< [apiv2][status] GET https://api.github.com/repos///actions/secrets/public-key 404
[debug] [2022-04-18T18:00:07.381Z] <<< [apiv2][body] GET https://api.github.com/repos///actions/secrets/public-key {"message":"Not Found","documentation_url":"https://docs.github.com/rest"}
[debug] [2022-04-18T18:00:07.397Z] <<< [apiv2][status] GET https://api.github.com/repos/SergioCardoso97/actions/secrets/public-key 404
[debug] [2022-04-18T18:00:07.397Z] <<< [apiv2][body] GET https://api.github.com/repos/SergioCardoso97/actions/secrets/public-key {"message":"Not Found","documentation_url":"https://docs.github.com/rest"}
[debug] [2022-04-18T18:00:08.662Z] >>> [apiv2][query] GET https://api.github.com/repos/Angular/SergioCardoso97/actions/secrets/public-key type=owner
[debug] [2022-04-18T18:00:08.919Z] <<< [apiv2][status] GET https://api.github.com/repos/Angular/SergioCardoso97/actions/secrets/public-key 404
[debug] [2022-04-18T18:00:08.920Z] <<< [apiv2][body] GET https://api.github.com/repos/Angular/SergioCardoso97/actions/secrets/public-key {"message":"Not Found","documentation_url":"https://docs.github.com/rest/reference/actions#get-a-repository-public-key"}
[debug] [2022-04-18T18:00:18.903Z] >>> [apiv2][query] GET https://api.github.com/repos/Angular/SergioCardoso97/actions/secrets/public-key type=owner
[debug] [2022-04-18T18:00:19.176Z] <<< [apiv2][status] GET https://api.github.com/repos/Angular/SergioCardoso97/actions/secrets/public-key 404
[debug] [2022-04-18T18:00:19.176Z] <<< [apiv2][body] GET https://api.github.com/repos/Angular/SergioCardoso97/actions/secrets/public-key {"message":"Not Found","documentation_url":"https://docs.github.com/rest/reference/actions#get-a-repository-public-key"}
